
Showing logs for build [32mcb-kubecd-environment-pr-35-3-b-2c5qv-1[0m stage [32mfrom-build-pack[0m and container [32mstep-credential-initializer-stkr5[0m
{"level":"warn","ts":1573037697.7024436,"logger":"fallback-logger","caller":"logging/config.go:69","msg":"Fetch GitHub commit ID from kodata failed: \"ref: refs/heads/master\" is not a valid GitHub commit ID"}
{"level":"info","ts":1573037697.7032924,"logger":"fallback-logger","caller":"creds-init/main.go:40","msg":"Credentials initialized."}

Showing logs for build [32mcb-kubecd-environment-pr-35-3-b-2c5qv-1[0m stage [32mfrom-build-pack[0m and container [32mstep-working-dir-initializer-sv79m[0m
{"level":"warn","ts":1573037698.642453,"logger":"fallback-logger","caller":"logging/config.go:69","msg":"Fetch GitHub commit ID from kodata failed: open /var/run/ko/HEAD: no such file or directory"}
{"level":"info","ts":1573037698.6441069,"logger":"fallback-logger","caller":"bash/main.go:65","msg":"Successfully executed command \"mkdir -p /workspace/source\""}

Showing logs for build [32mcb-kubecd-environment-pr-35-3-b-2c5qv-1[0m stage [32mfrom-build-pack[0m and container [32mstep-place-tools[0m

Showing logs for build [32mcb-kubecd-environment-pr-35-3-b-2c5qv-1[0m stage [32mfrom-build-pack[0m and container [32mstep-git-source-cb-kubecd-environment-pr-35-3-b-klk5k[0m
{"level":"warn","ts":1573037726.7833679,"logger":"fallback-logger","caller":"logging/config.go:69","msg":"Fetch GitHub commit ID from kodata failed: \"ref: refs/heads/master\" is not a valid GitHub commit ID"}
{"level":"info","ts":1573037727.891088,"logger":"fallback-logger","caller":"git/git.go:102","msg":"Successfully cloned https://github.com/cb-kubecd/environment-pr-35-3-boot-gke-production.git @ 3abf6b050dd5afcb5d7bc83e1d8f1dbc751fb602 in path /workspace/source"}

Showing logs for build [32mcb-kubecd-environment-pr-35-3-b-2c5qv-1[0m stage [32mfrom-build-pack[0m and container [32mstep-git-merge[0m
Using SHAs from PULL_REFS=master:a0ae9dd02ba560aeacdcc9f24cf18a2026a87376,1:3abf6b050dd5afcb5d7bc83e1d8f1dbc751fb602
DEBUG: ran git fetch --unshallow origin 3abf6b050dd5afcb5d7bc83e1d8f1dbc751fb602: a0ae9dd02ba560aeacdcc9f24cf18a2026a87376: in 
DEBUG: ran git checkout master in 
DEBUG: ran git reset --hard a0ae9dd02ba560aeacdcc9f24cf18a2026a87376 in 
DEBUG: ran clean --force -d . in 
DEBUG: ran git merge 3abf6b050dd5afcb5d7bc83e1d8f1dbc751fb602 in 
Merged SHA 3abf6b050dd5afcb5d7bc83e1d8f1dbc751fb602 with commit message 'chore: Promote bdd-spring-1573037117 to version 0.0.1' into base branch master

Showing logs for build [32mcb-kubecd-environment-pr-35-3-b-2c5qv-1[0m stage [32mfrom-build-pack[0m and container [32mstep-build-helm-build[0m
WARNING: No $CHART_REPOSITORY defined so using the default value of: http://jenkins-x-chartmuseum:8080
Adding missing Helm repo: storage.googleapis.com https://storage.googleapis.com/chartmuseum.jenkins-x.io
Read credentials for https://storage.googleapis.com/chartmuseum.jenkins-x.io from vault helm/repos
Successfully added Helm repository storage.googleapis.com.
Adding missing Helm repo: jenkins-x-chartmuseum http://jenkins-x-chartmuseum:8080
Read credentials for http://jenkins-x-chartmuseum:8080 from vault helm/repos
Successfully added Helm repository jenkins-x-chartmuseum.
WARNING: No $CHART_REPOSITORY defined so using the default value of: http://jenkins-x-chartmuseum:8080
Adding missing Helm repo: chartmuseum.jenkins-x.io http://chartmuseum.jenkins-x.io
Read credentials for http://chartmuseum.jenkins-x.io from vault helm/repos
Successfully added Helm repository chartmuseum.jenkins-x.io.
